\BOOKMARK [1][-]{section*.1}{Introduction}{}% 1
\BOOKMARK [1][-]{section*.2}{Initial\040Exploratory\040Data\040Analysis\040\(EDA\)}{}% 2
\BOOKMARK [2][-]{section*.3}{Missing\040Values}{section*.2}% 3
\BOOKMARK [2][-]{section*.4}{Erroneously\040Duplicated\040Records}{section*.2}% 4
\BOOKMARK [2][-]{section*.5}{Plausibility\040Checks\040for\040Variables}{section*.2}% 5
\BOOKMARK [2][-]{section*.6}{Overview\040of\040Scatterplots}{section*.2}% 6
\BOOKMARK [2][-]{section*.7}{Check\040for\040Truncated\040Variables\040and\040Outliers}{section*.2}% 7
\BOOKMARK [2][-]{section*.8}{Transformation\040Analysis}{section*.2}% 8
\BOOKMARK [2][-]{section*.9}{Checking\040for\040Linearity\040Between\040Predictor\040and\040Response\040Variables}{section*.2}% 9
\BOOKMARK [1][-]{section*.10}{Research\040Question\040and\040Model-Building}{}% 10
\BOOKMARK [2][-]{section*.11}{Thematic\040grouping\040of\040variables}{section*.10}% 11
\BOOKMARK [2][-]{section*.12}{Building\040of\040Initial\040Models}{section*.10}% 12
\BOOKMARK [3][-]{section*.13}{Model\0401:\040Crime\040and\040Punishment}{section*.12}% 13
\BOOKMARK [2][-]{section*.15}{Model\0402:\040Demography\040and\040Economics}{section*.10}% 14
\BOOKMARK [3][-]{section*.18}{Condensed\040Wage\040Metrics}{section*.15}% 15
\BOOKMARK [2][-]{section*.21}{Model\0403}{section*.10}% 16
\BOOKMARK [2][-]{section*.26}{Model\0404}{section*.10}% 17
\BOOKMARK [2][-]{section*.27}{Model\040Comparison}{section*.10}% 18
\BOOKMARK [2][-]{section*.29}{Omitted\040Variables}{section*.10}% 19
\BOOKMARK [2][-]{section*.30}{Conclusion:\040Findings\040and\040Policy\040Recommendations}{section*.10}% 20
\BOOKMARK [1][-]{section*.31}{Appendix}{}% 21
